<?xml version="1.0" encoding="UTF-8"?>
<testsuite name="AppTest" tests="2" skipped="0" failures="0" errors="0" timestamp="2022-08-11T04:52:58" hostname="ANB106" time="3.473">
  <properties/>
  <testcase name="loginSucceeded()" classname="AppTest" time="2.913"/>
  <testcase name="loginFailed()" classname="AppTest" time="0.559"/>
  <system-out><![CDATA[]]></system-out>
  <system-err><![CDATA[]]></system-err>
</testsuite>
